2018-11-05 19:52:16,955 [Worker-5: Loading available Gradle versions] INFO  c.g.t.t.d.PublishedGradleVersions - Gradle version information cache is not available. Remote download required.
2018-11-05 21:18:07,504 [Worker-5: Loading available Gradle versions] INFO  c.g.t.t.d.PublishedGradleVersions - Gradle version information cache is up-to-date. Trying to read.
2018-11-06 19:53:21,754 [Worker-0: Loading available Gradle versions] INFO  c.g.t.t.d.PublishedGradleVersions - Gradle version information cache is out-of-date. Trying to update.
2018-11-06 19:54:08,353 [Worker-4: Auto share git projects] WARN  org.eclipse.jgit.util.FS - null
2018-11-06 20:06:12,053 [Worker-3: Loading available Gradle versions] INFO  c.g.t.t.d.PublishedGradleVersions - Gradle version information cache is up-to-date. Trying to read.
2018-11-06 20:06:14,186 [Worker-4: Decoration Calculation] WARN  org.eclipse.jgit.util.FS - null
2018-11-06 23:33:19,205 [Worker-6: Loading available Gradle versions] INFO  c.g.t.t.d.PublishedGradleVersions - Gradle version information cache is up-to-date. Trying to read.
2018-11-06 23:33:21,229 [Worker-0: Decoration Calculation] WARN  org.eclipse.jgit.util.FS - null
2018-11-07 18:35:42,032 [Worker-6: Loading available Gradle versions] INFO  c.g.t.t.d.PublishedGradleVersions - Gradle version information cache is up-to-date. Trying to read.
2018-11-07 18:35:42,178 [Worker-1: Refreshing workspace] WARN  org.eclipse.jgit.util.FS - null
2018-11-07 22:23:11,135 [Worker-0: Loading available Gradle versions] INFO  c.g.t.t.d.PublishedGradleVersions - Gradle version information cache is out-of-date. Trying to update.
2018-11-07 22:23:13,201 [Worker-1: Decoration Calculation] WARN  org.eclipse.jgit.util.FS - null
2018-11-07 23:09:39,192 [Worker-2: Loading available Gradle versions] INFO  c.g.t.t.d.PublishedGradleVersions - Gradle version information cache is up-to-date. Trying to read.
2018-11-07 23:09:42,140 [Worker-0: Decoration Calculation] WARN  org.eclipse.jgit.util.FS - null
2018-11-08 20:03:09,972 [Worker-8: Loading available Gradle versions] INFO  c.g.t.t.d.PublishedGradleVersions - Gradle version information cache is up-to-date. Trying to read.
2018-11-08 20:03:11,460 [Worker-4: Decoration Calculation] WARN  org.eclipse.jgit.util.FS - null
2018-11-08 22:09:18,915 [Worker-0: Loading available Gradle versions] INFO  c.g.t.t.d.PublishedGradleVersions - Gradle version information cache is up-to-date. Trying to read.
2018-11-08 22:09:19,895 [Worker-4: Decoration Calculation] WARN  org.eclipse.jgit.util.FS - null
2018-11-10 10:32:21,604 [Worker-1: Loading available Gradle versions] INFO  c.g.t.t.d.PublishedGradleVersions - Gradle version information cache is out-of-date. Trying to update.
2018-11-10 10:32:23,549 [Worker-0: Decoration Calculation] WARN  org.eclipse.jgit.util.FS - null
2018-11-10 15:52:12,760 [Worker-0: Loading available Gradle versions] INFO  c.g.t.t.d.PublishedGradleVersions - Gradle version information cache is up-to-date. Trying to read.
2018-11-10 15:52:13,943 [Worker-4: Decoration Calculation] WARN  org.eclipse.jgit.util.FS - null
2018-11-11 11:02:15,058 [Worker-1: Loading available Gradle versions] INFO  c.g.t.t.d.PublishedGradleVersions - Gradle version information cache is out-of-date. Trying to update.
2018-11-11 23:59:13,645 [Worker-7: Loading available Gradle versions] INFO  c.g.t.t.d.PublishedGradleVersions - Gradle version information cache is up-to-date. Trying to read.
